<?xml version="1.0" encoding="UTF-8"?>
<!-- Generated by org.testng.reporters.JUnitReportReporter -->
<testsuite hostname="AS101353" failures="0" tests="1" name="maconomy.webclient.Tests.LoginTest" time="3.235" errors="0" timestamp="2022-11-15T07:58:05 CST" skipped="0">
  <testcase classname="maconomy.webclient.Tests.LoginTest" name="successfulLogin" time="3.235"/>
  <system-out/>
</testsuite> <!-- maconomy.webclient.Tests.LoginTest -->
