<?xml version="1.0" encoding="UTF-8"?>
<!-- Generated by org.testng.reporters.JUnitReportReporter -->
<testsuite hostname="AS101353" failures="0" tests="2" name="webclient.Tests.LoginTest" time="57.949" errors="0" timestamp="2022-11-20T07:12:15 CST" skipped="0">
  <testcase classname="webclient.Tests.LoginTest" name="verifyLoginPage" time="33.034"/>
  <system-out/>
  <testcase classname="webclient.Tests.LoginTest" name="successfulLogin" time="24.915"/>
  <system-out/>
</testsuite> <!-- webclient.Tests.LoginTest -->
