<?xml version="1.0" encoding="UTF-8"?>
<!-- Generated by org.testng.reporters.JUnitReportReporter -->
<testsuite hostname="AS101353" failures="0" tests="1" name="archive.version1.Tests.LoginTest" time="15.397" errors="0" timestamp="2022-11-16T08:28:04 CST" skipped="0">
  <testcase classname="archive.version1.Tests.LoginTest" name="successfulLogin" time="15.397"/>
  <system-out/>
</testsuite> <!-- archive.version1.Tests.LoginTest -->
