<?xml version="1.0" encoding="UTF-8"?>
<!-- Generated by org.testng.reporters.JUnitReportReporter -->
<testsuite hostname="AS101353" failures="0" tests="1" name="webclient.Tests.SettingsTest" time="36.928" errors="0" timestamp="2022-11-20T07:12:15 CST" skipped="0">
  <testcase classname="webclient.Tests.SettingsTest" name="verifyAboutPage" time="36.928"/>
  <system-out/>
</testsuite> <!-- webclient.Tests.SettingsTest -->
